TN:
SF:C:\Users\The_Avatar\Desktop\Andela Document\Bootcamp Materials\SendIT-API\SendIT---API\babel.config.js
FNF:0
FNH:0
DA:1,0
DA:16,0
LF:2
LH:0
BRF:0
BRH:0
end_of_record
TN:
SF:C:\Users\The_Avatar\Desktop\Andela Document\Bootcamp Materials\SendIT-API\SendIT---API\spec\specs.js
FNF:0
FNH:0
DA:2,1
DA:3,1
DA:5,1
DA:6,1
DA:13,1
DA:14,1
DA:15,1
DA:16,1
LF:8
LH:8
BRF:0
BRH:0
end_of_record
TN:
SF:C:\Users\The_Avatar\Desktop\Andela Document\Bootcamp Materials\SendIT-API\SendIT---API\spec\unit\allidparcels.spec.js
FN:5,(anonymous_0)
FN:38,(anonymous_1)
FN:39,(anonymous_2)
FN:46,(anonymous_3)
FN:47,(anonymous_4)
FNF:5
FNH:5
FNDA:1,(anonymous_0)
FNDA:1,(anonymous_1)
FNDA:1,(anonymous_2)
FNDA:1,(anonymous_3)
FNDA:1,(anonymous_4)
DA:2,1
DA:5,1
DA:7,1
DA:9,1
DA:38,1
DA:39,1
DA:40,1
DA:41,1
DA:42,1
DA:46,1
DA:47,1
DA:48,1
DA:49,1
LF:13
LH:13
BRF:0
BRH:0
end_of_record
TN:
SF:C:\Users\The_Avatar\Desktop\Andela Document\Bootcamp Materials\SendIT-API\SendIT---API\spec\unit\allparcels.spec.js
FN:5,(anonymous_0)
FN:68,(anonymous_1)
FN:69,(anonymous_2)
FN:75,(anonymous_3)
FN:76,(anonymous_4)
FNF:5
FNH:5
FNDA:1,(anonymous_0)
FNDA:1,(anonymous_1)
FNDA:1,(anonymous_2)
FNDA:1,(anonymous_3)
FNDA:1,(anonymous_4)
DA:2,1
DA:5,1
DA:7,1
DA:9,1
DA:68,1
DA:69,1
DA:70,1
DA:71,1
DA:75,1
DA:76,1
DA:77,1
DA:78,1
LF:12
LH:12
BRF:0
BRH:0
end_of_record
TN:
SF:C:\Users\The_Avatar\Desktop\Andela Document\Bootcamp Materials\SendIT-API\SendIT---API\spec\unit\cancelidparcels.spec.js
FN:5,(anonymous_0)
FN:11,(anonymous_1)
FN:12,(anonymous_2)
FN:18,(anonymous_3)
FN:19,(anonymous_4)
FNF:5
FNH:5
FNDA:1,(anonymous_0)
FNDA:1,(anonymous_1)
FNDA:1,(anonymous_2)
FNDA:1,(anonymous_3)
FNDA:1,(anonymous_4)
DA:2,1
DA:5,1
DA:7,1
DA:11,1
DA:12,1
DA:13,1
DA:14,1
DA:18,1
DA:19,1
DA:20,1
DA:21,1
LF:11
LH:11
BRF:0
BRH:0
end_of_record
TN:
SF:C:\Users\The_Avatar\Desktop\Andela Document\Bootcamp Materials\SendIT-API\SendIT---API\spec\unit\deliveredidparcels.spec.js
FN:5,(anonymous_0)
FN:11,(anonymous_1)
FN:12,(anonymous_2)
FN:18,(anonymous_3)
FN:19,(anonymous_4)
FNF:5
FNH:5
FNDA:1,(anonymous_0)
FNDA:1,(anonymous_1)
FNDA:1,(anonymous_2)
FNDA:1,(anonymous_3)
FNDA:1,(anonymous_4)
DA:2,1
DA:5,1
DA:7,1
DA:11,1
DA:12,1
DA:13,1
DA:14,1
DA:18,1
DA:19,1
DA:20,1
DA:21,1
LF:11
LH:11
BRF:0
BRH:0
end_of_record
TN:
SF:C:\Users\The_Avatar\Desktop\Andela Document\Bootcamp Materials\SendIT-API\SendIT---API\spec\unit\idparcels.spec.js
FN:5,(anonymous_0)
FN:24,(anonymous_1)
FN:25,(anonymous_2)
FN:31,(anonymous_3)
FN:32,(anonymous_4)
FNF:5
FNH:5
FNDA:1,(anonymous_0)
FNDA:1,(anonymous_1)
FNDA:1,(anonymous_2)
FNDA:1,(anonymous_3)
FNDA:1,(anonymous_4)
DA:2,1
DA:5,1
DA:7,1
DA:9,1
DA:24,1
DA:25,1
DA:26,1
DA:27,1
DA:31,1
DA:32,1
DA:33,1
DA:34,1
LF:12
LH:12
BRF:0
BRH:0
end_of_record
